
> hospital-dashboard@0.1.0 dev
> next dev --webpack

▲ Next.js 16.1.6 (webpack)
- Local:         http://localhost:3000
- Network:       http://172.21.96.1:3000
- Environments: .env

✓ Starting...
✓ Ready in 2.6s
 GET /login 200 in 4.5s (compile: 3.1s, proxy.ts: 1169ms, render: 256ms)
 GET /api/auth/csrf 200 in 3.7s (compile: 3.6s, proxy.ts: 68ms, render: 36ms)
 GET /api/auth/csrf 200 in 58ms (compile: 13ms, proxy.ts: 12ms, render: 34ms)
 POST /api/auth/callback/credentials?json=true 200 in 80ms (compile: 7ms, proxy.ts: 9ms, render: 65ms)
 GET /api/products 200 in 1090ms (compile: 842ms, proxy.ts: 9ms, render: 239ms)
 GET /api/auth/csrf 200 in 45ms (compile: 19ms, proxy.ts: 12ms, render: 15ms)
 POST /api/auth/callback/credentials?json=true 200 in 77ms (compile: 7ms, proxy.ts: 8ms, render: 63ms)
 GET /api/auth/csrf 200 in 38ms (compile: 5ms, proxy.ts: 7ms, render: 26ms)
 POST /api/auth/callback/credentials?json=true 200 in 68ms (compile: 5ms, proxy.ts: 6ms, render: 56ms)
 GET /api/products 200 in 252ms (compile: 3ms, proxy.ts: 7ms, render: 242ms)
 POST /api/sales 403 in 571ms (compile: 540ms, proxy.ts: 6ms, render: 24ms)
 POST /api/sales 500 in 111ms (compile: 2ms, proxy.ts: 60ms, render: 49ms)
 GET /api/invoices 200 in 635ms (compile: 607ms, proxy.ts: 6ms, render: 21ms)
 GET /api/auth/csrf 200 in 53ms (compile: 18ms, proxy.ts: 6ms, render: 29ms)
 POST /api/auth/callback/credentials?json=true 200 in 93ms (compile: 8ms, proxy.ts: 20ms, render: 65ms)
 GET /api/products 200 in 258ms (compile: 6ms, proxy.ts: 8ms, render: 244ms)
 POST /api/sales 500 in 28ms (compile: 5ms, proxy.ts: 6ms, render: 17ms)
 GET /api/auth/csrf 200 in 27ms (compile: 10ms, proxy.ts: 5ms, render: 12ms)
 POST /api/auth/callback/credentials?json=true 200 in 74ms (compile: 8ms, proxy.ts: 6ms, render: 60ms)
 GET /api/auth/session 200 in 25ms (compile: 5ms, proxy.ts: 6ms, render: 15ms)
 GET /api/auth/csrf 200 in 124ms (compile: 95ms, proxy.ts: 6ms, render: 22ms)
 POST /api/auth/callback/credentials?json=true 200 in 78ms (compile: 5ms, proxy.ts: 6ms, render: 66ms)
 GET /api/auth/session 200 in 20ms (compile: 4ms, proxy.ts: 5ms, render: 10ms)
 GET /api/auth/csrf 200 in 26ms (compile: 10ms, proxy.ts: 5ms, render: 12ms)
 POST /api/auth/callback/credentials?json=true 200 in 62ms (compile: 5ms, proxy.ts: 6ms, render: 52ms)
 GET /api/auth/csrf 200 in 19ms (compile: 4ms, proxy.ts: 5ms, render: 10ms)
 POST /api/auth/callback/credentials?json=true 200 in 57ms (compile: 5ms, proxy.ts: 6ms, render: 47ms)
 GET /api/products 200 in 268ms (compile: 11ms, proxy.ts: 6ms, render: 252ms)
 POST /api/sales 403 in 38ms (compile: 5ms, proxy.ts: 6ms, render: 26ms)
 POST /api/sales 200 in 39ms (compile: 2ms, proxy.ts: 6ms, render: 31ms)
 GET /api/invoices 200 in 356ms (compile: 9ms, proxy.ts: 259ms, render: 87ms)
 DELETE /api/invoices/1 200 in 1286ms (compile: 1008ms, proxy.ts: 245ms, render: 33ms)
 GET /api/auth/csrf 200 in 47ms (compile: 15ms, proxy.ts: 7ms, render: 26ms)
 POST /api/auth/callback/credentials?json=true 200 in 56ms (compile: 6ms, proxy.ts: 5ms, render: 44ms)
 GET /api/auth/csrf 200 in 33ms (compile: 5ms, proxy.ts: 6ms, render: 22ms)
 POST /api/auth/callback/credentials?json=true 200 in 52ms (compile: 5ms, proxy.ts: 6ms, render: 41ms)
 POST /api/products 200 in 39ms (compile: 5ms, proxy.ts: 6ms, render: 28ms)
 POST /api/sales 200 in 437ms (compile: 15ms, proxy.ts: 264ms, render: 158ms)
 GET /api/invoices 200 in 326ms (compile: 25ms, proxy.ts: 256ms, render: 45ms)
 DELETE /api/invoices/2 200 in 113ms (compile: 41ms, proxy.ts: 31ms, render: 41ms)
 DELETE /api/products/3397 200 in 1420ms (compile: 1383ms, proxy.ts: 12ms, render: 25ms)
 GET /login 200 in 1563ms (compile: 1370ms, proxy.ts: 8ms, render: 185ms)
 GET /api/auth/session 200 in 2.5s (compile: 2.4s, proxy.ts: 108ms, render: 19ms)
 GET /api/auth/providers 200 in 46ms (compile: 13ms, proxy.ts: 6ms, render: 26ms)
 GET /api/auth/csrf 200 in 28ms (compile: 7ms, proxy.ts: 7ms, render: 15ms)
 POST /api/auth/callback/credentials 200 in 71ms (compile: 6ms, proxy.ts: 6ms, render: 59ms)
 GET /api/auth/session 200 in 36ms (compile: 5ms, proxy.ts: 8ms, render: 24ms)
 GET / 200 in 1272ms (compile: 1094ms, proxy.ts: 11ms, render: 168ms)
 GET /api/auth/session 200 in 125ms (compile: 84ms, proxy.ts: 15ms, render: 26ms)
 GET /api/branches 200 in 1688ms (compile: 1643ms, proxy.ts: 17ms, render: 28ms)
 GET /api/dashboard 200 in 1705ms (compile: 1642ms, proxy.ts: 18ms, render: 46ms)
 GET /api/branches 200 in 106ms (compile: 3ms, proxy.ts: 16ms, render: 88ms)
 GET / 200 in 108ms (compile: 51ms, proxy.ts: 15ms, render: 42ms)
 GET /api/products 200 in 1915ms (compile: 1642ms, proxy.ts: 18ms, render: 255ms)
 GET /products 200 in 1208ms (compile: 1153ms, proxy.ts: 6ms, render: 50ms)
 GET /api/products 200 in 311ms (compile: 65ms, proxy.ts: 12ms, render: 235ms)
 GET /api/products 200 in 217ms (compile: 2ms, proxy.ts: 7ms, render: 208ms)
 PATCH /api/products/3396 200 in 853ms (compile: 802ms, proxy.ts: 9ms, render: 42ms)
 GET /products 200 in 101ms (compile: 47ms, proxy.ts: 10ms, render: 44ms)
 GET /products 200 in 26ms (compile: 4ms, proxy.ts: 7ms, render: 15ms)
 GET /api/products 200 in 249ms (compile: 5ms, proxy.ts: 7ms, render: 238ms)
 GET /api/products 200 in 213ms (compile: 3ms, proxy.ts: 7ms, render: 203ms)
 PATCH /api/products/3396 200 in 59ms (compile: 11ms, proxy.ts: 7ms, render: 41ms)
 GET /products 200 in 35ms (compile: 7ms, proxy.ts: 9ms, render: 20ms)
 GET /products 200 in 25ms (compile: 4ms, proxy.ts: 7ms, render: 14ms)
 GET /api/products 200 in 226ms (compile: 2ms, proxy.ts: 7ms, render: 217ms)
 GET /api/products 200 in 212ms (compile: 4ms, proxy.ts: 7ms, render: 201ms)
 GET /api/auth/csrf 200 in 29ms (compile: 14ms, proxy.ts: 5ms, render: 10ms)
 GET /api/auth/csrf 200 in 46ms (compile: 11ms, proxy.ts: 7ms, render: 28ms)
 POST /api/auth/signout 200 in 51ms (compile: 11ms, proxy.ts: 6ms, render: 34ms)
 GET /api/auth/csrf 200 in 49ms (compile: 11ms, proxy.ts: 5ms, render: 33ms)
 POST /api/auth/signout 200 in 36ms (compile: 18ms, proxy.ts: 10ms, render: 7ms)
 GET /login 200 in 161ms (compile: 25ms, proxy.ts: 14ms, render: 123ms)
 POST /api/auth/_log 200 in 35ms (compile: 10ms, proxy.ts: 7ms, render: 18ms)
 GET /api/auth/session 200 in 53ms (compile: 6ms, proxy.ts: 14ms, render: 33ms)
 GET /api/auth/providers 200 in 26ms (compile: 10ms, proxy.ts: 6ms, render: 10ms)
 GET /api/auth/csrf 200 in 42ms (compile: 5ms, proxy.ts: 8ms, render: 29ms)
 POST /api/auth/callback/credentials 401 in 73ms (compile: 5ms, proxy.ts: 6ms, render: 62ms)
 GET /api/auth/providers 200 in 48ms (compile: 12ms, proxy.ts: 6ms, render: 30ms)
 GET /api/auth/csrf 200 in 47ms (compile: 6ms, proxy.ts: 6ms, render: 35ms)
 POST /api/auth/callback/credentials 401 in 61ms (compile: 5ms, proxy.ts: 6ms, render: 50ms)
 GET /api/auth/providers 200 in 44ms (compile: 10ms, proxy.ts: 6ms, render: 27ms)
 GET /api/auth/csrf 200 in 28ms (compile: 6ms, proxy.ts: 6ms, render: 16ms)
 POST /api/auth/callback/credentials 200 in 82ms (compile: 14ms, proxy.ts: 7ms, render: 61ms)
 GET /api/auth/session 200 in 38ms (compile: 5ms, proxy.ts: 6ms, render: 27ms)
 GET /sales 200 in 1495ms (compile: 1317ms, proxy.ts: 6ms, render: 173ms)
 GET /api/sales 200 in 1172ms (compile: 1105ms, proxy.ts: 16ms, render: 51ms)
 GET /api/auth/session 200 in 1175ms (compile: 1116ms, proxy.ts: 12ms, render: 47ms)
 GET /api/sales 200 in 41ms (compile: 3ms, proxy.ts: 8ms, render: 30ms)
 GET /api/products 200 in 1368ms (compile: 1106ms, proxy.ts: 16ms, render: 246ms)
 GET /api/products 200 in 244ms (compile: 3ms, proxy.ts: 7ms, render: 234ms)
 GET /api/auth/csrf 200 in 33ms (compile: 12ms, proxy.ts: 7ms, render: 14ms)
 POST /api/auth/signout 200 in 34ms (compile: 5ms, proxy.ts: 7ms, render: 23ms)
 GET /login 200 in 169ms (compile: 43ms, proxy.ts: 8ms, render: 118ms)
 GET /api/auth/session 200 in 28ms (compile: 13ms, proxy.ts: 6ms, render: 10ms)
 GET /api/auth/providers 200 in 46ms (compile: 13ms, proxy.ts: 5ms, render: 28ms)
 GET /api/auth/csrf 200 in 42ms (compile: 6ms, proxy.ts: 5ms, render: 31ms)
 POST /api/auth/callback/credentials 200 in 68ms (compile: 6ms, proxy.ts: 6ms, render: 56ms)
 GET /api/auth/session 200 in 33ms (compile: 6ms, proxy.ts: 5ms, render: 22ms)
 GET / 200 in 796ms (compile: 655ms, proxy.ts: 7ms, render: 133ms)
 GET /api/products 200 in 417ms (compile: 90ms, proxy.ts: 12ms, render: 315ms)
 GET /api/branches 200 in 1454ms (compile: 1418ms, proxy.ts: 11ms, render: 26ms)
 GET /api/auth/session 200 in 1463ms (compile: 1426ms, proxy.ts: 10ms, render: 27ms)
 GET /api/dashboard 200 in 1470ms (compile: 1418ms, proxy.ts: 11ms, render: 40ms)
 GET /api/branches 200 in 15ms (compile: 3ms, proxy.ts: 8ms, render: 5ms)
 GET /api/auth/session 200 in 45ms (compile: 14ms, proxy.ts: 7ms, render: 24ms)
 GET / 200 in 57ms (compile: 29ms, proxy.ts: 7ms, render: 22ms)
 GET /products 200 in 35ms (compile: 13ms, proxy.ts: 6ms, render: 16ms)
 GET /api/products 200 in 238ms (compile: 6ms, proxy.ts: 7ms, render: 224ms)
 GET /api/products 200 in 212ms (compile: 2ms, proxy.ts: 6ms, render: 204ms)
 PATCH /api/products/3395 200 in 1120ms (compile: 1051ms, proxy.ts: 6ms, render: 63ms)
 GET /products 200 in 108ms (compile: 56ms, proxy.ts: 9ms, render: 43ms)
 GET /products 200 in 27ms (compile: 3ms, proxy.ts: 7ms, render: 17ms)
 GET /api/products 200 in 221ms (compile: 6ms, proxy.ts: 7ms, render: 207ms)
 GET /api/products 200 in 223ms (compile: 3ms, proxy.ts: 6ms, render: 214ms)
 GET /sales 200 in 43ms (compile: 15ms, proxy.ts: 9ms, render: 19ms)
 GET /api/products 200 in 339ms (compile: 6ms, proxy.ts: 7ms, render: 326ms)
 GET /api/sales 200 in 1417ms (compile: 1382ms, proxy.ts: 7ms, render: 28ms)
 GET /api/sales 200 in 30ms (compile: 3ms, proxy.ts: 15ms, render: 11ms)
 GET /api/products 200 in 343ms (compile: 7ms, proxy.ts: 131ms, render: 204ms)
 GET /api/auth/session 200 in 762ms (compile: 725ms, proxy.ts: 9ms, render: 27ms)
 GET /api/auth/session 200 in 60ms (compile: 30ms, proxy.ts: 14ms, render: 17ms)
